2021-02-07 08:51:59.940 [Thread-21] ERROR [com.data.itsv.netty.server.nettyServerThread:32] - null
java.lang.NumberFormatException: null
	at java.lang.Integer.parseInt(Integer.java:542) ~[?:1.8.0_191]
	at java.lang.Integer.parseInt(Integer.java:615) ~[?:1.8.0_191]
	at com.data.itsv.netty.server.nettyServerThread.lambda$execuid$0(nettyServerThread.java:29) ~[classes/:?]
	at java.lang.Thread.run(Thread.java:748) [?:1.8.0_191]
2021-02-07 09:09:10.152 [Thread-14] ERROR [com.data.itsv.netty.server.nettyServerThread:32] - null
java.lang.NumberFormatException: null
	at java.lang.Integer.parseInt(Integer.java:542) ~[?:1.8.0_191]
	at java.lang.Integer.parseInt(Integer.java:615) ~[?:1.8.0_191]
	at com.data.itsv.netty.server.nettyServerThread.lambda$execuid$0(nettyServerThread.java:29) ~[classes/:?]
	at java.lang.Thread.run(Thread.java:748) [?:1.8.0_191]
2021-02-07 09:21:07.847 [Thread-15] ERROR [com.data.itsv.netty.server.nettyServerThread:32] - null
java.lang.NumberFormatException: null
	at java.lang.Integer.parseInt(Integer.java:542) ~[?:1.8.0_191]
	at java.lang.Integer.parseInt(Integer.java:615) ~[?:1.8.0_191]
	at com.data.itsv.netty.server.nettyServerThread.lambda$execuid$0(nettyServerThread.java:29) ~[classes/:?]
	at java.lang.Thread.run(Thread.java:748) [?:1.8.0_191]
2021-02-07 09:46:14.608 [Thread-15] ERROR [com.data.itsv.netty.server.nettyServerThread:32] - null
java.lang.NumberFormatException: null
	at java.lang.Integer.parseInt(Integer.java:542) ~[?:1.8.0_191]
	at java.lang.Integer.parseInt(Integer.java:615) ~[?:1.8.0_191]
	at com.data.itsv.netty.server.nettyServerThread.lambda$execuid$0(nettyServerThread.java:29) ~[classes/:?]
	at java.lang.Thread.run(Thread.java:748) [?:1.8.0_191]
2021-02-07 11:05:01.454 [main] ERROR [com.zaxxer.hikari.pool.HikariPool:587] - DatebookHikariCP - Exception during pool initialization.
com.mysql.cj.jdbc.exceptions.CommunicationsException: Communications link failure

The last packet sent successfully to the server was 0 milliseconds ago. The driver has not received any packets from the server.
	at com.mysql.cj.jdbc.exceptions.SQLError.createCommunicationsException(SQLError.java:174) ~[mysql-connector-java-8.0.19.jar:8.0.19]
	at com.mysql.cj.jdbc.exceptions.SQLExceptionsMapping.translateException(SQLExceptionsMapping.java:64) ~[mysql-connector-java-8.0.19.jar:8.0.19]
	at com.mysql.cj.jdbc.ConnectionImpl.createNewIO(ConnectionImpl.java:836) ~[mysql-connector-java-8.0.19.jar:8.0.19]
	at com.mysql.cj.jdbc.ConnectionImpl.<init>(ConnectionImpl.java:456) ~[mysql-connector-java-8.0.19.jar:8.0.19]
	at com.mysql.cj.jdbc.ConnectionImpl.getInstance(ConnectionImpl.java:246) ~[mysql-connector-java-8.0.19.jar:8.0.19]
	at com.mysql.cj.jdbc.NonRegisteringDriver.connect(NonRegisteringDriver.java:197) ~[mysql-connector-java-8.0.19.jar:8.0.19]
	at com.zaxxer.hikari.util.DriverDataSource.getConnection(DriverDataSource.java:138) ~[HikariCP-3.4.2.jar:?]
	at com.zaxxer.hikari.pool.PoolBase.newConnection(PoolBase.java:354) ~[HikariCP-3.4.2.jar:?]
	at com.zaxxer.hikari.pool.PoolBase.newPoolEntry(PoolBase.java:202) ~[HikariCP-3.4.2.jar:?]
	at com.zaxxer.hikari.pool.HikariPool.createPoolEntry(HikariPool.java:473) ~[HikariCP-3.4.2.jar:?]
	at com.zaxxer.hikari.pool.HikariPool.checkFailFast(HikariPool.java:554) ~[HikariCP-3.4.2.jar:?]
	at com.zaxxer.hikari.pool.HikariPool.<init>(HikariPool.java:115) ~[HikariCP-3.4.2.jar:?]
	at com.zaxxer.hikari.HikariDataSource.getConnection(HikariDataSource.java:112) ~[HikariCP-3.4.2.jar:?]
	at org.springframework.jdbc.datasource.DataSourceUtils.fetchConnection(DataSourceUtils.java:158) ~[spring-jdbc-5.2.5.RELEASE.jar:5.2.5.RELEASE]
	at org.springframework.jdbc.datasource.DataSourceUtils.doGetConnection(DataSourceUtils.java:116) ~[spring-jdbc-5.2.5.RELEASE.jar:5.2.5.RELEASE]
	at org.springframework.jdbc.datasource.DataSourceUtils.getConnection(DataSourceUtils.java:79) ~[spring-jdbc-5.2.5.RELEASE.jar:5.2.5.RELEASE]
	at org.mybatis.spring.transaction.SpringManagedTransaction.openConnection(SpringManagedTransaction.java:80) ~[mybatis-spring-2.0.2.jar:2.0.2]
	at org.mybatis.spring.transaction.SpringManagedTransaction.getConnection(SpringManagedTransaction.java:67) ~[mybatis-spring-2.0.2.jar:2.0.2]
	at org.apache.ibatis.executor.BaseExecutor.getConnection(BaseExecutor.java:336) ~[mybatis-3.5.2.jar:3.5.2]
	at com.baomidou.mybatisplus.core.executor.MybatisSimpleExecutor.prepareStatement(MybatisSimpleExecutor.java:93) ~[mybatis-plus-core-3.2.0.jar:3.2.0]
	at com.baomidou.mybatisplus.core.executor.MybatisSimpleExecutor.doQuery(MybatisSimpleExecutor.java:66) ~[mybatis-plus-core-3.2.0.jar:3.2.0]
	at org.apache.ibatis.executor.BaseExecutor.queryFromDatabase(BaseExecutor.java:324) ~[mybatis-3.5.2.jar:3.5.2]
	at org.apache.ibatis.executor.BaseExecutor.query(BaseExecutor.java:156) ~[mybatis-3.5.2.jar:3.5.2]
	at org.apache.ibatis.executor.CachingExecutor.query(CachingExecutor.java:109) ~[mybatis-3.5.2.jar:3.5.2]
	at org.apache.ibatis.executor.CachingExecutor.query(CachingExecutor.java:83) ~[mybatis-3.5.2.jar:3.5.2]
	at org.apache.ibatis.session.defaults.DefaultSqlSession.selectList(DefaultSqlSession.java:147) ~[mybatis-3.5.2.jar:3.5.2]
	at org.apache.ibatis.session.defaults.DefaultSqlSession.selectList(DefaultSqlSession.java:140) ~[mybatis-3.5.2.jar:3.5.2]
	at sun.reflect.NativeMethodAccessorImpl.invoke0(Native Method) ~[?:1.8.0_191]
	at sun.reflect.NativeMethodAccessorImpl.invoke(NativeMethodAccessorImpl.java:62) ~[?:1.8.0_191]
	at sun.reflect.DelegatingMethodAccessorImpl.invoke(DelegatingMethodAccessorImpl.java:43) ~[?:1.8.0_191]
	at java.lang.reflect.Method.invoke(Method.java:498) ~[?:1.8.0_191]
	at org.mybatis.spring.SqlSessionTemplate$SqlSessionInterceptor.invoke(SqlSessionTemplate.java:426) ~[mybatis-spring-2.0.2.jar:2.0.2]
	at com.sun.proxy.$Proxy121.selectList(Unknown Source) ~[?:?]
	at org.mybatis.spring.SqlSessionTemplate.selectList(SqlSessionTemplate.java:223) ~[mybatis-spring-2.0.2.jar:2.0.2]
	at com.baomidou.mybatisplus.core.override.MybatisMapperMethod.executeForMany(MybatisMapperMethod.java:158) ~[mybatis-plus-core-3.2.0.jar:3.2.0]
	at com.baomidou.mybatisplus.core.override.MybatisMapperMethod.execute(MybatisMapperMethod.java:76) ~[mybatis-plus-core-3.2.0.jar:3.2.0]
	at com.baomidou.mybatisplus.core.override.MybatisMapperProxy.invoke(MybatisMapperProxy.java:61) ~[mybatis-plus-core-3.2.0.jar:3.2.0]
	at com.sun.proxy.$Proxy134.selectRoleRules(Unknown Source) ~[?:?]
	at com.data.itsv.shiro.provider.impl.ShiroFilterRulesProviderImpl.loadRolePermRules(ShiroFilterRulesProviderImpl.java:24) ~[classes/:?]
	at com.data.itsv.shiro.filter.ShiroFilterChainManager.initGetFilterChain(ShiroFilterChainManager.java:89) ~[classes/:?]
	at com.data.itsv.shiro.config.ShiroConfiguration.shiroFilterFactoryBean(ShiroConfiguration.java:29) ~[classes/:?]
	at com.data.itsv.shiro.config.ShiroConfiguration$$EnhancerBySpringCGLIB$$8f746259.CGLIB$shiroFilterFactoryBean$1(<generated>) ~[classes/:?]
	at com.data.itsv.shiro.config.ShiroConfiguration$$EnhancerBySpringCGLIB$$8f746259$$FastClassBySpringCGLIB$$73873379.invoke(<generated>) ~[classes/:?]
	at org.springframework.cglib.proxy.MethodProxy.invokeSuper(MethodProxy.java:244) ~[spring-core-5.2.5.RELEASE.jar:5.2.5.RELEASE]
	at org.springframework.context.annotation.ConfigurationClassEnhancer$BeanMethodInterceptor.intercept(ConfigurationClassEnhancer.java:331) ~[spring-context-5.2.5.RELEASE.jar:5.2.5.RELEASE]
	at com.data.itsv.shiro.config.ShiroConfiguration$$EnhancerBySpringCGLIB$$8f746259.shiroFilterFactoryBean(<generated>) ~[classes/:?]
	at sun.reflect.NativeMethodAccessorImpl.invoke0(Native Method) ~[?:1.8.0_191]
	at sun.reflect.NativeMethodAccessorImpl.invoke(NativeMethodAccessorImpl.java:62) ~[?:1.8.0_191]
	at sun.reflect.DelegatingMethodAccessorImpl.invoke(DelegatingMethodAccessorImpl.java:43) ~[?:1.8.0_191]
	at java.lang.reflect.Method.invoke(Method.java:498) ~[?:1.8.0_191]
	at org.springframework.beans.factory.support.SimpleInstantiationStrategy.instantiate(SimpleInstantiationStrategy.java:154) ~[spring-beans-5.2.5.RELEASE.jar:5.2.5.RELEASE]
	at org.springframework.beans.factory.support.ConstructorResolver.instantiate(ConstructorResolver.java:651) ~[spring-beans-5.2.5.RELEASE.jar:5.2.5.RELEASE]
	at org.springframework.beans.factory.support.ConstructorResolver.instantiateUsingFactoryMethod(ConstructorResolver.java:636) ~[spring-beans-5.2.5.RELEASE.jar:5.2.5.RELEASE]
	at org.springframework.beans.factory.support.AbstractAutowireCapableBeanFactory.instantiateUsingFactoryMethod(AbstractAutowireCapableBeanFactory.java:1338) ~[spring-beans-5.2.5.RELEASE.jar:5.2.5.RELEASE]
	at org.springframework.beans.factory.support.AbstractAutowireCapableBeanFactory.createBeanInstance(AbstractAutowireCapableBeanFactory.java:1177) ~[spring-beans-5.2.5.RELEASE.jar:5.2.5.RELEASE]
	at org.springframework.beans.factory.support.AbstractAutowireCapableBeanFactory.doCreateBean(AbstractAutowireCapableBeanFactory.java:557) ~[spring-beans-5.2.5.RELEASE.jar:5.2.5.RELEASE]
	at org.springframework.beans.factory.support.AbstractAutowireCapableBeanFactory.createBean(AbstractAutowireCapableBeanFactory.java:517) ~[spring-beans-5.2.5.RELEASE.jar:5.2.5.RELEASE]
	at org.springframework.beans.factory.support.AbstractBeanFactory.lambda$doGetBean$0(AbstractBeanFactory.java:323) ~[spring-beans-5.2.5.RELEASE.jar:5.2.5.RELEASE]
	at org.springframework.beans.factory.support.DefaultSingletonBeanRegistry.getSingleton(DefaultSingletonBeanRegistry.java:222) [spring-beans-5.2.5.RELEASE.jar:5.2.5.RELEASE]
	at org.springframework.beans.factory.support.AbstractBeanFactory.doGetBean(AbstractBeanFactory.java:321) [spring-beans-5.2.5.RELEASE.jar:5.2.5.RELEASE]
	at org.springframework.beans.factory.support.AbstractBeanFactory.getBean(AbstractBeanFactory.java:207) [spring-beans-5.2.5.RELEASE.jar:5.2.5.RELEASE]
	at org.springframework.context.support.PostProcessorRegistrationDelegate.registerBeanPostProcessors(PostProcessorRegistrationDelegate.java:240) [spring-context-5.2.5.RELEASE.jar:5.2.5.RELEASE]
	at org.springframework.context.support.AbstractApplicationContext.registerBeanPostProcessors(AbstractApplicationContext.java:722) [spring-context-5.2.5.RELEASE.jar:5.2.5.RELEASE]
	at org.springframework.context.support.AbstractApplicationContext.refresh(AbstractApplicationContext.java:535) [spring-context-5.2.5.RELEASE.jar:5.2.5.RELEASE]
	at org.springframework.boot.web.servlet.context.ServletWebServerApplicationContext.refresh(ServletWebServerApplicationContext.java:141) [spring-boot-2.2.6.RELEASE.jar:2.2.6.RELEASE]
	at org.springframework.boot.SpringApplication.refresh(SpringApplication.java:747) [spring-boot-2.2.6.RELEASE.jar:2.2.6.RELEASE]
	at org.springframework.boot.SpringApplication.refreshContext(SpringApplication.java:397) [spring-boot-2.2.6.RELEASE.jar:2.2.6.RELEASE]
	at org.springframework.boot.SpringApplication.run(SpringApplication.java:315) [spring-boot-2.2.6.RELEASE.jar:2.2.6.RELEASE]
	at org.springframework.boot.SpringApplication.run(SpringApplication.java:1226) [spring-boot-2.2.6.RELEASE.jar:2.2.6.RELEASE]
	at org.springframework.boot.SpringApplication.run(SpringApplication.java:1215) [spring-boot-2.2.6.RELEASE.jar:2.2.6.RELEASE]
	at com.data.itsv.MuApplication.main(MuApplication.java:24) [classes/:?]
Caused by: com.mysql.cj.exceptions.CJCommunicationsException: Communications link failure

The last packet sent successfully to the server was 0 milliseconds ago. The driver has not received any packets from the server.
	at sun.reflect.NativeConstructorAccessorImpl.newInstance0(Native Method) ~[?:1.8.0_191]
	at sun.reflect.NativeConstructorAccessorImpl.newInstance(NativeConstructorAccessorImpl.java:62) ~[?:1.8.0_191]
	at sun.reflect.DelegatingConstructorAccessorImpl.newInstance(DelegatingConstructorAccessorImpl.java:45) ~[?:1.8.0_191]
	at java.lang.reflect.Constructor.newInstance(Constructor.java:423) ~[?:1.8.0_191]
	at com.mysql.cj.exceptions.ExceptionFactory.createException(ExceptionFactory.java:61) ~[mysql-connector-java-8.0.19.jar:8.0.19]
	at com.mysql.cj.exceptions.ExceptionFactory.createException(ExceptionFactory.java:105) ~[mysql-connector-java-8.0.19.jar:8.0.19]
	at com.mysql.cj.exceptions.ExceptionFactory.createException(ExceptionFactory.java:151) ~[mysql-connector-java-8.0.19.jar:8.0.19]
	at com.mysql.cj.exceptions.ExceptionFactory.createCommunicationsException(ExceptionFactory.java:167) ~[mysql-connector-java-8.0.19.jar:8.0.19]
	at com.mysql.cj.protocol.a.NativeSocketConnection.connect(NativeSocketConnection.java:91) ~[mysql-connector-java-8.0.19.jar:8.0.19]
	at com.mysql.cj.NativeSession.connect(NativeSession.java:144) ~[mysql-connector-java-8.0.19.jar:8.0.19]
	at com.mysql.cj.jdbc.ConnectionImpl.connectOneTryOnly(ConnectionImpl.java:956) ~[mysql-connector-java-8.0.19.jar:8.0.19]
	at com.mysql.cj.jdbc.ConnectionImpl.createNewIO(ConnectionImpl.java:826) ~[mysql-connector-java-8.0.19.jar:8.0.19]
	... 68 more
Caused by: java.net.ConnectException: Connection refused: connect
	at java.net.DualStackPlainSocketImpl.waitForConnect(Native Method) ~[?:1.8.0_191]
	at java.net.DualStackPlainSocketImpl.socketConnect(DualStackPlainSocketImpl.java:85) ~[?:1.8.0_191]
	at java.net.AbstractPlainSocketImpl.doConnect(AbstractPlainSocketImpl.java:350) ~[?:1.8.0_191]
	at java.net.AbstractPlainSocketImpl.connectToAddress(AbstractPlainSocketImpl.java:206) ~[?:1.8.0_191]
	at java.net.AbstractPlainSocketImpl.connect(AbstractPlainSocketImpl.java:188) ~[?:1.8.0_191]
	at java.net.PlainSocketImpl.connect(PlainSocketImpl.java:172) ~[?:1.8.0_191]
	at java.net.SocksSocketImpl.connect(SocksSocketImpl.java:392) ~[?:1.8.0_191]
	at java.net.Socket.connect(Socket.java:589) ~[?:1.8.0_191]
	at com.mysql.cj.protocol.StandardSocketFactory.connect(StandardSocketFactory.java:155) ~[mysql-connector-java-8.0.19.jar:8.0.19]
	at com.mysql.cj.protocol.a.NativeSocketConnection.connect(NativeSocketConnection.java:65) ~[mysql-connector-java-8.0.19.jar:8.0.19]
	at com.mysql.cj.NativeSession.connect(NativeSession.java:144) ~[mysql-connector-java-8.0.19.jar:8.0.19]
	at com.mysql.cj.jdbc.ConnectionImpl.connectOneTryOnly(ConnectionImpl.java:956) ~[mysql-connector-java-8.0.19.jar:8.0.19]
	at com.mysql.cj.jdbc.ConnectionImpl.createNewIO(ConnectionImpl.java:826) ~[mysql-connector-java-8.0.19.jar:8.0.19]
	... 68 more
2021-02-07 11:05:01.498 [main] ERROR [org.springframework.boot.SpringApplication:826] - Application run failed
org.springframework.beans.factory.BeanCreationException: Error creating bean with name 'shiroFilterFactoryBean' defined in class path resource [com/data/itsv/shiro/config/ShiroConfiguration.class]: Bean instantiation via factory method failed; nested exception is org.springframework.beans.BeanInstantiationException: Failed to instantiate [org.apache.shiro.spring.web.ShiroFilterFactoryBean]: Factory method 'shiroFilterFactoryBean' threw exception; nested exception is org.mybatis.spring.MyBatisSystemException: nested exception is org.apache.ibatis.exceptions.PersistenceException: 
### Error querying database.  Cause: org.springframework.jdbc.CannotGetJdbcConnectionException: Failed to obtain JDBC Connection; nested exception is com.mysql.cj.jdbc.exceptions.CommunicationsException: Communications link failure

The last packet sent successfully to the server was 0 milliseconds ago. The driver has not received any packets from the server.
### The error may exist in file [D:\workspace\newChuanzang\itsv\target\classes\mapping\AuthResourceMapper.xml]
### The error may involve com.data.itsv.mapper.AuthResourceMapper.selectRoleRules
### The error occurred while executing a query
### Cause: org.springframework.jdbc.CannotGetJdbcConnectionException: Failed to obtain JDBC Connection; nested exception is com.mysql.cj.jdbc.exceptions.CommunicationsException: Communications link failure

The last packet sent successfully to the server was 0 milliseconds ago. The driver has not received any packets from the server.
	at org.springframework.beans.factory.support.ConstructorResolver.instantiate(ConstructorResolver.java:656) ~[spring-beans-5.2.5.RELEASE.jar:5.2.5.RELEASE]
	at org.springframework.beans.factory.support.ConstructorResolver.instantiateUsingFactoryMethod(ConstructorResolver.java:636) ~[spring-beans-5.2.5.RELEASE.jar:5.2.5.RELEASE]
	at org.springframework.beans.factory.support.AbstractAutowireCapableBeanFactory.instantiateUsingFactoryMethod(AbstractAutowireCapableBeanFactory.java:1338) ~[spring-beans-5.2.5.RELEASE.jar:5.2.5.RELEASE]
	at org.springframework.beans.factory.support.AbstractAutowireCapableBeanFactory.createBeanInstance(AbstractAutowireCapableBeanFactory.java:1177) ~[spring-beans-5.2.5.RELEASE.jar:5.2.5.RELEASE]
	at org.springframework.beans.factory.support.AbstractAutowireCapableBeanFactory.doCreateBean(AbstractAutowireCapableBeanFactory.java:557) ~[spring-beans-5.2.5.RELEASE.jar:5.2.5.RELEASE]
	at org.springframework.beans.factory.support.AbstractAutowireCapableBeanFactory.createBean(AbstractAutowireCapableBeanFactory.java:517) ~[spring-beans-5.2.5.RELEASE.jar:5.2.5.RELEASE]
	at org.springframework.beans.factory.support.AbstractBeanFactory.lambda$doGetBean$0(AbstractBeanFactory.java:323) ~[spring-beans-5.2.5.RELEASE.jar:5.2.5.RELEASE]
	at org.springframework.beans.factory.support.DefaultSingletonBeanRegistry.getSingleton(DefaultSingletonBeanRegistry.java:222) ~[spring-beans-5.2.5.RELEASE.jar:5.2.5.RELEASE]
	at org.springframework.beans.factory.support.AbstractBeanFactory.doGetBean(AbstractBeanFactory.java:321) ~[spring-beans-5.2.5.RELEASE.jar:5.2.5.RELEASE]
	at org.springframework.beans.factory.support.AbstractBeanFactory.getBean(AbstractBeanFactory.java:207) ~[spring-beans-5.2.5.RELEASE.jar:5.2.5.RELEASE]
	at org.springframework.context.support.PostProcessorRegistrationDelegate.registerBeanPostProcessors(PostProcessorRegistrationDelegate.java:240) ~[spring-context-5.2.5.RELEASE.jar:5.2.5.RELEASE]
	at org.springframework.context.support.AbstractApplicationContext.registerBeanPostProcessors(AbstractApplicationContext.java:722) ~[spring-context-5.2.5.RELEASE.jar:5.2.5.RELEASE]
	at org.springframework.context.support.AbstractApplicationContext.refresh(AbstractApplicationContext.java:535) ~[spring-context-5.2.5.RELEASE.jar:5.2.5.RELEASE]
	at org.springframework.boot.web.servlet.context.ServletWebServerApplicationContext.refresh(ServletWebServerApplicationContext.java:141) ~[spring-boot-2.2.6.RELEASE.jar:2.2.6.RELEASE]
	at org.springframework.boot.SpringApplication.refresh(SpringApplication.java:747) [spring-boot-2.2.6.RELEASE.jar:2.2.6.RELEASE]
	at org.springframework.boot.SpringApplication.refreshContext(SpringApplication.java:397) [spring-boot-2.2.6.RELEASE.jar:2.2.6.RELEASE]
	at org.springframework.boot.SpringApplication.run(SpringApplication.java:315) [spring-boot-2.2.6.RELEASE.jar:2.2.6.RELEASE]
	at org.springframework.boot.SpringApplication.run(SpringApplication.java:1226) [spring-boot-2.2.6.RELEASE.jar:2.2.6.RELEASE]
	at org.springframework.boot.SpringApplication.run(SpringApplication.java:1215) [spring-boot-2.2.6.RELEASE.jar:2.2.6.RELEASE]
	at com.data.itsv.MuApplication.main(MuApplication.java:24) [classes/:?]
Caused by: org.springframework.beans.BeanInstantiationException: Failed to instantiate [org.apache.shiro.spring.web.ShiroFilterFactoryBean]: Factory method 'shiroFilterFactoryBean' threw exception; nested exception is org.mybatis.spring.MyBatisSystemException: nested exception is org.apache.ibatis.exceptions.PersistenceException: 
### Error querying database.  Cause: org.springframework.jdbc.CannotGetJdbcConnectionException: Failed to obtain JDBC Connection; nested exception is com.mysql.cj.jdbc.exceptions.CommunicationsException: Communications link failure

The last packet sent successfully to the server was 0 milliseconds ago. The driver has not received any packets from the server.
### The error may exist in file [D:\workspace\newChuanzang\itsv\target\classes\mapping\AuthResourceMapper.xml]
### The error may involve com.data.itsv.mapper.AuthResourceMapper.selectRoleRules
### The error occurred while executing a query
### Cause: org.springframework.jdbc.CannotGetJdbcConnectionException: Failed to obtain JDBC Connection; nested exception is com.mysql.cj.jdbc.exceptions.CommunicationsException: Communications link failure

The last packet sent successfully to the server was 0 milliseconds ago. The driver has not received any packets from the server.
	at org.springframework.beans.factory.support.SimpleInstantiationStrategy.instantiate(SimpleInstantiationStrategy.java:185) ~[spring-beans-5.2.5.RELEASE.jar:5.2.5.RELEASE]
	at org.springframework.beans.factory.support.ConstructorResolver.instantiate(ConstructorResolver.java:651) ~[spring-beans-5.2.5.RELEASE.jar:5.2.5.RELEASE]
	... 19 more
Caused by: org.mybatis.spring.MyBatisSystemException: nested exception is org.apache.ibatis.exceptions.PersistenceException: 
### Error querying database.  Cause: org.springframework.jdbc.CannotGetJdbcConnectionException: Failed to obtain JDBC Connection; nested exception is com.mysql.cj.jdbc.exceptions.CommunicationsException: Communications link failure

The last packet sent successfully to the server was 0 milliseconds ago. The driver has not received any packets from the server.
### The error may exist in file [D:\workspace\newChuanzang\itsv\target\classes\mapping\AuthResourceMapper.xml]
### The error may involve com.data.itsv.mapper.AuthResourceMapper.selectRoleRules
### The error occurred while executing a query
### Cause: org.springframework.jdbc.CannotGetJdbcConnectionException: Failed to obtain JDBC Connection; nested exception is com.mysql.cj.jdbc.exceptions.CommunicationsException: Communications link failure

The last packet sent successfully to the server was 0 milliseconds ago. The driver has not received any packets from the server.
	at org.mybatis.spring.MyBatisExceptionTranslator.translateExceptionIfPossible(MyBatisExceptionTranslator.java:78) ~[mybatis-spring-2.0.2.jar:2.0.2]
	at org.mybatis.spring.SqlSessionTemplate$SqlSessionInterceptor.invoke(SqlSessionTemplate.java:440) ~[mybatis-spring-2.0.2.jar:2.0.2]
	at com.sun.proxy.$Proxy121.selectList(Unknown Source) ~[?:?]
	at org.mybatis.spring.SqlSessionTemplate.selectList(SqlSessionTemplate.java:223) ~[mybatis-spring-2.0.2.jar:2.0.2]
	at com.baomidou.mybatisplus.core.override.MybatisMapperMethod.executeForMany(MybatisMapperMethod.java:158) ~[mybatis-plus-core-3.2.0.jar:3.2.0]
	at com.baomidou.mybatisplus.core.override.MybatisMapperMethod.execute(MybatisMapperMethod.java:76) ~[mybatis-plus-core-3.2.0.jar:3.2.0]
	at com.baomidou.mybatisplus.core.override.MybatisMapperProxy.invoke(MybatisMapperProxy.java:61) ~[mybatis-plus-core-3.2.0.jar:3.2.0]
	at com.sun.proxy.$Proxy134.selectRoleRules(Unknown Source) ~[?:?]
	at com.data.itsv.shiro.provider.impl.ShiroFilterRulesProviderImpl.loadRolePermRules(ShiroFilterRulesProviderImpl.java:24) ~[classes/:?]
	at com.data.itsv.shiro.filter.ShiroFilterChainManager.initGetFilterChain(ShiroFilterChainManager.java:89) ~[classes/:?]
	at com.data.itsv.shiro.config.ShiroConfiguration.shiroFilterFactoryBean(ShiroConfiguration.java:29) ~[classes/:?]
	at com.data.itsv.shiro.config.ShiroConfiguration$$EnhancerBySpringCGLIB$$8f746259.CGLIB$shiroFilterFactoryBean$1(<generated>) ~[classes/:?]
	at com.data.itsv.shiro.config.ShiroConfiguration$$EnhancerBySpringCGLIB$$8f746259$$FastClassBySpringCGLIB$$73873379.invoke(<generated>) ~[classes/:?]
	at org.springframework.cglib.proxy.MethodProxy.invokeSuper(MethodProxy.java:244) ~[spring-core-5.2.5.RELEASE.jar:5.2.5.RELEASE]
	at org.springframework.context.annotation.ConfigurationClassEnhancer$BeanMethodInterceptor.intercept(ConfigurationClassEnhancer.java:331) ~[spring-context-5.2.5.RELEASE.jar:5.2.5.RELEASE]
	at com.data.itsv.shiro.config.ShiroConfiguration$$EnhancerBySpringCGLIB$$8f746259.shiroFilterFactoryBean(<generated>) ~[classes/:?]
	at sun.reflect.NativeMethodAccessorImpl.invoke0(Native Method) ~[?:1.8.0_191]
	at sun.reflect.NativeMethodAccessorImpl.invoke(NativeMethodAccessorImpl.java:62) ~[?:1.8.0_191]
	at sun.reflect.DelegatingMethodAccessorImpl.invoke(DelegatingMethodAccessorImpl.java:43) ~[?:1.8.0_191]
	at java.lang.reflect.Method.invoke(Method.java:498) ~[?:1.8.0_191]
	at org.springframework.beans.factory.support.SimpleInstantiationStrategy.instantiate(SimpleInstantiationStrategy.java:154) ~[spring-beans-5.2.5.RELEASE.jar:5.2.5.RELEASE]
	at org.springframework.beans.factory.support.ConstructorResolver.instantiate(ConstructorResolver.java:651) ~[spring-beans-5.2.5.RELEASE.jar:5.2.5.RELEASE]
	... 19 more
Caused by: org.apache.ibatis.exceptions.PersistenceException: 
### Error querying database.  Cause: org.springframework.jdbc.CannotGetJdbcConnectionException: Failed to obtain JDBC Connection; nested exception is com.mysql.cj.jdbc.exceptions.CommunicationsException: Communications link failure

The last packet sent successfully to the server was 0 milliseconds ago. The driver has not received any packets from the server.
### The error may exist in file [D:\workspace\newChuanzang\itsv\target\classes\mapping\AuthResourceMapper.xml]
### The error may involve com.data.itsv.mapper.AuthResourceMapper.selectRoleRules
### The error occurred while executing a query
### Cause: org.springframework.jdbc.CannotGetJdbcConnectionException: Failed to obtain JDBC Connection; nested exception is com.mysql.cj.jdbc.exceptions.CommunicationsException: Communications link failure

The last packet sent successfully to the server was 0 milliseconds ago. The driver has not received any packets from the server.
	at org.apache.ibatis.exceptions.ExceptionFactory.wrapException(ExceptionFactory.java:30) ~[mybatis-3.5.2.jar:3.5.2]
	at org.apache.ibatis.session.defaults.DefaultSqlSession.selectList(DefaultSqlSession.java:149) ~[mybatis-3.5.2.jar:3.5.2]
	at org.apache.ibatis.session.defaults.DefaultSqlSession.selectList(DefaultSqlSession.java:140) ~[mybatis-3.5.2.jar:3.5.2]
	at sun.reflect.NativeMethodAccessorImpl.invoke0(Native Method) ~[?:1.8.0_191]
	at sun.reflect.NativeMethodAccessorImpl.invoke(NativeMethodAccessorImpl.java:62) ~[?:1.8.0_191]
	at sun.reflect.DelegatingMethodAccessorImpl.invoke(DelegatingMethodAccessorImpl.java:43) ~[?:1.8.0_191]
	at java.lang.reflect.Method.invoke(Method.java:498) ~[?:1.8.0_191]
	at org.mybatis.spring.SqlSessionTemplate$SqlSessionInterceptor.invoke(SqlSessionTemplate.java:426) ~[mybatis-spring-2.0.2.jar:2.0.2]
	at com.sun.proxy.$Proxy121.selectList(Unknown Source) ~[?:?]
	at org.mybatis.spring.SqlSessionTemplate.selectList(SqlSessionTemplate.java:223) ~[mybatis-spring-2.0.2.jar:2.0.2]
	at com.baomidou.mybatisplus.core.override.MybatisMapperMethod.executeForMany(MybatisMapperMethod.java:158) ~[mybatis-plus-core-3.2.0.jar:3.2.0]
	at com.baomidou.mybatisplus.core.override.MybatisMapperMethod.execute(MybatisMapperMethod.java:76) ~[mybatis-plus-core-3.2.0.jar:3.2.0]
	at com.baomidou.mybatisplus.core.override.MybatisMapperProxy.invoke(MybatisMapperProxy.java:61) ~[mybatis-plus-core-3.2.0.jar:3.2.0]
	at com.sun.proxy.$Proxy134.selectRoleRules(Unknown Source) ~[?:?]
	at com.data.itsv.shiro.provider.impl.ShiroFilterRulesProviderImpl.loadRolePermRules(ShiroFilterRulesProviderImpl.java:24) ~[classes/:?]
	at com.data.itsv.shiro.filter.ShiroFilterChainManager.initGetFilterChain(ShiroFilterChainManager.java:89) ~[classes/:?]
	at com.data.itsv.shiro.config.ShiroConfiguration.shiroFilterFactoryBean(ShiroConfiguration.java:29) ~[classes/:?]
	at com.data.itsv.shiro.config.ShiroConfiguration$$EnhancerBySpringCGLIB$$8f746259.CGLIB$shiroFilterFactoryBean$1(<generated>) ~[classes/:?]
	at com.data.itsv.shiro.config.ShiroConfiguration$$EnhancerBySpringCGLIB$$8f746259$$FastClassBySpringCGLIB$$73873379.invoke(<generated>) ~[classes/:?]
	at org.springframework.cglib.proxy.MethodProxy.invokeSuper(MethodProxy.java:244) ~[spring-core-5.2.5.RELEASE.jar:5.2.5.RELEASE]
	at org.springframework.context.annotation.ConfigurationClassEnhancer$BeanMethodInterceptor.intercept(ConfigurationClassEnhancer.java:331) ~[spring-context-5.2.5.RELEASE.jar:5.2.5.RELEASE]
	at com.data.itsv.shiro.config.ShiroConfiguration$$EnhancerBySpringCGLIB$$8f746259.shiroFilterFactoryBean(<generated>) ~[classes/:?]
	at sun.reflect.NativeMethodAccessorImpl.invoke0(Native Method) ~[?:1.8.0_191]
	at sun.reflect.NativeMethodAccessorImpl.invoke(NativeMethodAccessorImpl.java:62) ~[?:1.8.0_191]
	at sun.reflect.DelegatingMethodAccessorImpl.invoke(DelegatingMethodAccessorImpl.java:43) ~[?:1.8.0_191]
	at java.lang.reflect.Method.invoke(Method.java:498) ~[?:1.8.0_191]
	at org.springframework.beans.factory.support.SimpleInstantiationStrategy.instantiate(SimpleInstantiationStrategy.java:154) ~[spring-beans-5.2.5.RELEASE.jar:5.2.5.RELEASE]
	at org.springframework.beans.factory.support.ConstructorResolver.instantiate(ConstructorResolver.java:651) ~[spring-beans-5.2.5.RELEASE.jar:5.2.5.RELEASE]
	... 19 more
Caused by: org.springframework.jdbc.CannotGetJdbcConnectionException: Failed to obtain JDBC Connection; nested exception is com.mysql.cj.jdbc.exceptions.CommunicationsException: Communications link failure

The last packet sent successfully to the server was 0 milliseconds ago. The driver has not received any packets from the server.
	at org.springframework.jdbc.datasource.DataSourceUtils.getConnection(DataSourceUtils.java:82) ~[spring-jdbc-5.2.5.RELEASE.jar:5.2.5.RELEASE]
	at org.mybatis.spring.transaction.SpringManagedTransaction.openConnection(SpringManagedTransaction.java:80) ~[mybatis-spring-2.0.2.jar:2.0.2]
	at org.mybatis.spring.transaction.SpringManagedTransaction.getConnection(SpringManagedTransaction.java:67) ~[mybatis-spring-2.0.2.jar:2.0.2]
	at org.apache.ibatis.executor.BaseExecutor.getConnection(BaseExecutor.java:336) ~[mybatis-3.5.2.jar:3.5.2]
	at com.baomidou.mybatisplus.core.executor.MybatisSimpleExecutor.prepareStatement(MybatisSimpleExecutor.java:93) ~[mybatis-plus-core-3.2.0.jar:3.2.0]
	at com.baomidou.mybatisplus.core.executor.MybatisSimpleExecutor.doQuery(MybatisSimpleExecutor.java:66) ~[mybatis-plus-core-3.2.0.jar:3.2.0]
	at org.apache.ibatis.executor.BaseExecutor.queryFromDatabase(BaseExecutor.java:324) ~[mybatis-3.5.2.jar:3.5.2]
	at org.apache.ibatis.executor.BaseExecutor.query(BaseExecutor.java:156) ~[mybatis-3.5.2.jar:3.5.2]
	at org.apache.ibatis.executor.CachingExecutor.query(CachingExecutor.java:109) ~[mybatis-3.5.2.jar:3.5.2]
	at org.apache.ibatis.executor.CachingExecutor.query(CachingExecutor.java:83) ~[mybatis-3.5.2.jar:3.5.2]
	at org.apache.ibatis.session.defaults.DefaultSqlSession.selectList(DefaultSqlSession.java:147) ~[mybatis-3.5.2.jar:3.5.2]
	at org.apache.ibatis.session.defaults.DefaultSqlSession.selectList(DefaultSqlSession.java:140) ~[mybatis-3.5.2.jar:3.5.2]
	at sun.reflect.NativeMethodAccessorImpl.invoke0(Native Method) ~[?:1.8.0_191]
	at sun.reflect.NativeMethodAccessorImpl.invoke(NativeMethodAccessorImpl.java:62) ~[?:1.8.0_191]
	at sun.reflect.DelegatingMethodAccessorImpl.invoke(DelegatingMethodAccessorImpl.java:43) ~[?:1.8.0_191]
	at java.lang.reflect.Method.invoke(Method.java:498) ~[?:1.8.0_191]
	at org.mybatis.spring.SqlSessionTemplate$SqlSessionInterceptor.invoke(SqlSessionTemplate.java:426) ~[mybatis-spring-2.0.2.jar:2.0.2]
	at com.sun.proxy.$Proxy121.selectList(Unknown Source) ~[?:?]
	at org.mybatis.spring.SqlSessionTemplate.selectList(SqlSessionTemplate.java:223) ~[mybatis-spring-2.0.2.jar:2.0.2]
	at com.baomidou.mybatisplus.core.override.MybatisMapperMethod.executeForMany(MybatisMapperMethod.java:158) ~[mybatis-plus-core-3.2.0.jar:3.2.0]
	at com.baomidou.mybatisplus.core.override.MybatisMapperMethod.execute(MybatisMapperMethod.java:76) ~[mybatis-plus-core-3.2.0.jar:3.2.0]
	at com.baomidou.mybatisplus.core.override.MybatisMapperProxy.invoke(MybatisMapperProxy.java:61) ~[mybatis-plus-core-3.2.0.jar:3.2.0]
	at com.sun.proxy.$Proxy134.selectRoleRules(Unknown Source) ~[?:?]
	at com.data.itsv.shiro.provider.impl.ShiroFilterRulesProviderImpl.loadRolePermRules(ShiroFilterRulesProviderImpl.java:24) ~[classes/:?]
	at com.data.itsv.shiro.filter.ShiroFilterChainManager.initGetFilterChain(ShiroFilterChainManager.java:89) ~[classes/:?]
	at com.data.itsv.shiro.config.ShiroConfiguration.shiroFilterFactoryBean(ShiroConfiguration.java:29) ~[classes/:?]
	at com.data.itsv.shiro.config.ShiroConfiguration$$EnhancerBySpringCGLIB$$8f746259.CGLIB$shiroFilterFactoryBean$1(<generated>) ~[classes/:?]
	at com.data.itsv.shiro.config.ShiroConfiguration$$EnhancerBySpringCGLIB$$8f746259$$FastClassBySpringCGLIB$$73873379.invoke(<generated>) ~[classes/:?]
	at org.springframework.cglib.proxy.MethodProxy.invokeSuper(MethodProxy.java:244) ~[spring-core-5.2.5.RELEASE.jar:5.2.5.RELEASE]
	at org.springframework.context.annotation.ConfigurationClassEnhancer$BeanMethodInterceptor.intercept(ConfigurationClassEnhancer.java:331) ~[spring-context-5.2.5.RELEASE.jar:5.2.5.RELEASE]
	at com.data.itsv.shiro.config.ShiroConfiguration$$EnhancerBySpringCGLIB$$8f746259.shiroFilterFactoryBean(<generated>) ~[classes/:?]
	at sun.reflect.NativeMethodAccessorImpl.invoke0(Native Method) ~[?:1.8.0_191]
	at sun.reflect.NativeMethodAccessorImpl.invoke(NativeMethodAccessorImpl.java:62) ~[?:1.8.0_191]
	at sun.reflect.DelegatingMethodAccessorImpl.invoke(DelegatingMethodAccessorImpl.java:43) ~[?:1.8.0_191]
	at java.lang.reflect.Method.invoke(Method.java:498) ~[?:1.8.0_191]
	at org.springframework.beans.factory.support.SimpleInstantiationStrategy.instantiate(SimpleInstantiationStrategy.java:154) ~[spring-beans-5.2.5.RELEASE.jar:5.2.5.RELEASE]
	at org.springframework.beans.factory.support.ConstructorResolver.instantiate(ConstructorResolver.java:651) ~[spring-beans-5.2.5.RELEASE.jar:5.2.5.RELEASE]
	... 19 more
Caused by: com.mysql.cj.jdbc.exceptions.CommunicationsException: Communications link failure

The last packet sent successfully to the server was 0 milliseconds ago. The driver has not received any packets from the server.
	at com.mysql.cj.jdbc.exceptions.SQLError.createCommunicationsException(SQLError.java:174) ~[mysql-connector-java-8.0.19.jar:8.0.19]
	at com.mysql.cj.jdbc.exceptions.SQLExceptionsMapping.translateException(SQLExceptionsMapping.java:64) ~[mysql-connector-java-8.0.19.jar:8.0.19]
	at com.mysql.cj.jdbc.ConnectionImpl.createNewIO(ConnectionImpl.java:836) ~[mysql-connector-java-8.0.19.jar:8.0.19]
	at com.mysql.cj.jdbc.ConnectionImpl.<init>(ConnectionImpl.java:456) ~[mysql-connector-java-8.0.19.jar:8.0.19]
	at com.mysql.cj.jdbc.ConnectionImpl.getInstance(ConnectionImpl.java:246) ~[mysql-connector-java-8.0.19.jar:8.0.19]
	at com.mysql.cj.jdbc.NonRegisteringDriver.connect(NonRegisteringDriver.java:197) ~[mysql-connector-java-8.0.19.jar:8.0.19]
	at com.zaxxer.hikari.util.DriverDataSource.getConnection(DriverDataSource.java:138) ~[HikariCP-3.4.2.jar:?]
	at com.zaxxer.hikari.pool.PoolBase.newConnection(PoolBase.java:354) ~[HikariCP-3.4.2.jar:?]
	at com.zaxxer.hikari.pool.PoolBase.newPoolEntry(PoolBase.java:202) ~[HikariCP-3.4.2.jar:?]
	at com.zaxxer.hikari.pool.HikariPool.createPoolEntry(HikariPool.java:473) ~[HikariCP-3.4.2.jar:?]
	at com.zaxxer.hikari.pool.HikariPool.checkFailFast(HikariPool.java:554) ~[HikariCP-3.4.2.jar:?]
	at com.zaxxer.hikari.pool.HikariPool.<init>(HikariPool.java:115) ~[HikariCP-3.4.2.jar:?]
	at com.zaxxer.hikari.HikariDataSource.getConnection(HikariDataSource.java:112) ~[HikariCP-3.4.2.jar:?]
	at org.springframework.jdbc.datasource.DataSourceUtils.fetchConnection(DataSourceUtils.java:158) ~[spring-jdbc-5.2.5.RELEASE.jar:5.2.5.RELEASE]
	at org.springframework.jdbc.datasource.DataSourceUtils.doGetConnection(DataSourceUtils.java:116) ~[spring-jdbc-5.2.5.RELEASE.jar:5.2.5.RELEASE]
	at org.springframework.jdbc.datasource.DataSourceUtils.getConnection(DataSourceUtils.java:79) ~[spring-jdbc-5.2.5.RELEASE.jar:5.2.5.RELEASE]
	at org.mybatis.spring.transaction.SpringManagedTransaction.openConnection(SpringManagedTransaction.java:80) ~[mybatis-spring-2.0.2.jar:2.0.2]
	at org.mybatis.spring.transaction.SpringManagedTransaction.getConnection(SpringManagedTransaction.java:67) ~[mybatis-spring-2.0.2.jar:2.0.2]
	at org.apache.ibatis.executor.BaseExecutor.getConnection(BaseExecutor.java:336) ~[mybatis-3.5.2.jar:3.5.2]
	at com.baomidou.mybatisplus.core.executor.MybatisSimpleExecutor.prepareStatement(MybatisSimpleExecutor.java:93) ~[mybatis-plus-core-3.2.0.jar:3.2.0]
	at com.baomidou.mybatisplus.core.executor.MybatisSimpleExecutor.doQuery(MybatisSimpleExecutor.java:66) ~[mybatis-plus-core-3.2.0.jar:3.2.0]
	at org.apache.ibatis.executor.BaseExecutor.queryFromDatabase(BaseExecutor.java:324) ~[mybatis-3.5.2.jar:3.5.2]
	at org.apache.ibatis.executor.BaseExecutor.query(BaseExecutor.java:156) ~[mybatis-3.5.2.jar:3.5.2]
	at org.apache.ibatis.executor.CachingExecutor.query(CachingExecutor.java:109) ~[mybatis-3.5.2.jar:3.5.2]
	at org.apache.ibatis.executor.CachingExecutor.query(CachingExecutor.java:83) ~[mybatis-3.5.2.jar:3.5.2]
	at org.apache.ibatis.session.defaults.DefaultSqlSession.selectList(DefaultSqlSession.java:147) ~[mybatis-3.5.2.jar:3.5.2]
	at org.apache.ibatis.session.defaults.DefaultSqlSession.selectList(DefaultSqlSession.java:140) ~[mybatis-3.5.2.jar:3.5.2]
	at sun.reflect.NativeMethodAccessorImpl.invoke0(Native Method) ~[?:1.8.0_191]
	at sun.reflect.NativeMethodAccessorImpl.invoke(NativeMethodAccessorImpl.java:62) ~[?:1.8.0_191]
	at sun.reflect.DelegatingMethodAccessorImpl.invoke(DelegatingMethodAccessorImpl.java:43) ~[?:1.8.0_191]
	at java.lang.reflect.Method.invoke(Method.java:498) ~[?:1.8.0_191]
	at org.mybatis.spring.SqlSessionTemplate$SqlSessionInterceptor.invoke(SqlSessionTemplate.java:426) ~[mybatis-spring-2.0.2.jar:2.0.2]
	at com.sun.proxy.$Proxy121.selectList(Unknown Source) ~[?:?]
	at org.mybatis.spring.SqlSessionTemplate.selectList(SqlSessionTemplate.java:223) ~[mybatis-spring-2.0.2.jar:2.0.2]
	at com.baomidou.mybatisplus.core.override.MybatisMapperMethod.executeForMany(MybatisMapperMethod.java:158) ~[mybatis-plus-core-3.2.0.jar:3.2.0]
	at com.baomidou.mybatisplus.core.override.MybatisMapperMethod.execute(MybatisMapperMethod.java:76) ~[mybatis-plus-core-3.2.0.jar:3.2.0]
	at com.baomidou.mybatisplus.core.override.MybatisMapperProxy.invoke(MybatisMapperProxy.java:61) ~[mybatis-plus-core-3.2.0.jar:3.2.0]
	at com.sun.proxy.$Proxy134.selectRoleRules(Unknown Source) ~[?:?]
	at com.data.itsv.shiro.provider.impl.ShiroFilterRulesProviderImpl.loadRolePermRules(ShiroFilterRulesProviderImpl.java:24) ~[classes/:?]
	at com.data.itsv.shiro.filter.ShiroFilterChainManager.initGetFilterChain(ShiroFilterChainManager.java:89) ~[classes/:?]
	at com.data.itsv.shiro.config.ShiroConfiguration.shiroFilterFactoryBean(ShiroConfiguration.java:29) ~[classes/:?]
	at com.data.itsv.shiro.config.ShiroConfiguration$$EnhancerBySpringCGLIB$$8f746259.CGLIB$shiroFilterFactoryBean$1(<generated>) ~[classes/:?]
	at com.data.itsv.shiro.config.ShiroConfiguration$$EnhancerBySpringCGLIB$$8f746259$$FastClassBySpringCGLIB$$73873379.invoke(<generated>) ~[classes/:?]
	at org.springframework.cglib.proxy.MethodProxy.invokeSuper(MethodProxy.java:244) ~[spring-core-5.2.5.RELEASE.jar:5.2.5.RELEASE]
	at org.springframework.context.annotation.ConfigurationClassEnhancer$BeanMethodInterceptor.intercept(ConfigurationClassEnhancer.java:331) ~[spring-context-5.2.5.RELEASE.jar:5.2.5.RELEASE]
	at com.data.itsv.shiro.config.ShiroConfiguration$$EnhancerBySpringCGLIB$$8f746259.shiroFilterFactoryBean(<generated>) ~[classes/:?]
	at sun.reflect.NativeMethodAccessorImpl.invoke0(Native Method) ~[?:1.8.0_191]
	at sun.reflect.NativeMethodAccessorImpl.invoke(NativeMethodAccessorImpl.java:62) ~[?:1.8.0_191]
	at sun.reflect.DelegatingMethodAccessorImpl.invoke(DelegatingMethodAccessorImpl.java:43) ~[?:1.8.0_191]
	at java.lang.reflect.Method.invoke(Method.java:498) ~[?:1.8.0_191]
	at org.springframework.beans.factory.support.SimpleInstantiationStrategy.instantiate(SimpleInstantiationStrategy.java:154) ~[spring-beans-5.2.5.RELEASE.jar:5.2.5.RELEASE]
	at org.springframework.beans.factory.support.ConstructorResolver.instantiate(ConstructorResolver.java:651) ~[spring-beans-5.2.5.RELEASE.jar:5.2.5.RELEASE]
	... 19 more
Caused by: com.mysql.cj.exceptions.CJCommunicationsException: Communications link failure

The last packet sent successfully to the server was 0 milliseconds ago. The driver has not received any packets from the server.
	at sun.reflect.NativeConstructorAccessorImpl.newInstance0(Native Method) ~[?:1.8.0_191]
	at sun.reflect.NativeConstructorAccessorImpl.newInstance(NativeConstructorAccessorImpl.java:62) ~[?:1.8.0_191]
	at sun.reflect.DelegatingConstructorAccessorImpl.newInstance(DelegatingConstructorAccessorImpl.java:45) ~[?:1.8.0_191]
	at java.lang.reflect.Constructor.newInstance(Constructor.java:423) ~[?:1.8.0_191]
	at com.mysql.cj.exceptions.ExceptionFactory.createException(ExceptionFactory.java:61) ~[mysql-connector-java-8.0.19.jar:8.0.19]
	at com.mysql.cj.exceptions.ExceptionFactory.createException(ExceptionFactory.java:105) ~[mysql-connector-java-8.0.19.jar:8.0.19]
	at com.mysql.cj.exceptions.ExceptionFactory.createException(ExceptionFactory.java:151) ~[mysql-connector-java-8.0.19.jar:8.0.19]
	at com.mysql.cj.exceptions.ExceptionFactory.createCommunicationsException(ExceptionFactory.java:167) ~[mysql-connector-java-8.0.19.jar:8.0.19]
	at com.mysql.cj.protocol.a.NativeSocketConnection.connect(NativeSocketConnection.java:91) ~[mysql-connector-java-8.0.19.jar:8.0.19]
	at com.mysql.cj.NativeSession.connect(NativeSession.java:144) ~[mysql-connector-java-8.0.19.jar:8.0.19]
	at com.mysql.cj.jdbc.ConnectionImpl.connectOneTryOnly(ConnectionImpl.java:956) ~[mysql-connector-java-8.0.19.jar:8.0.19]
	at com.mysql.cj.jdbc.ConnectionImpl.createNewIO(ConnectionImpl.java:826) ~[mysql-connector-java-8.0.19.jar:8.0.19]
	at com.mysql.cj.jdbc.ConnectionImpl.<init>(ConnectionImpl.java:456) ~[mysql-connector-java-8.0.19.jar:8.0.19]
	at com.mysql.cj.jdbc.ConnectionImpl.getInstance(ConnectionImpl.java:246) ~[mysql-connector-java-8.0.19.jar:8.0.19]
	at com.mysql.cj.jdbc.NonRegisteringDriver.connect(NonRegisteringDriver.java:197) ~[mysql-connector-java-8.0.19.jar:8.0.19]
	at com.zaxxer.hikari.util.DriverDataSource.getConnection(DriverDataSource.java:138) ~[HikariCP-3.4.2.jar:?]
	at com.zaxxer.hikari.pool.PoolBase.newConnection(PoolBase.java:354) ~[HikariCP-3.4.2.jar:?]
	at com.zaxxer.hikari.pool.PoolBase.newPoolEntry(PoolBase.java:202) ~[HikariCP-3.4.2.jar:?]
	at com.zaxxer.hikari.pool.HikariPool.createPoolEntry(HikariPool.java:473) ~[HikariCP-3.4.2.jar:?]
	at com.zaxxer.hikari.pool.HikariPool.checkFailFast(HikariPool.java:554) ~[HikariCP-3.4.2.jar:?]
	at com.zaxxer.hikari.pool.HikariPool.<init>(HikariPool.java:115) ~[HikariCP-3.4.2.jar:?]
	at com.zaxxer.hikari.HikariDataSource.getConnection(HikariDataSource.java:112) ~[HikariCP-3.4.2.jar:?]
	at org.springframework.jdbc.datasource.DataSourceUtils.fetchConnection(DataSourceUtils.java:158) ~[spring-jdbc-5.2.5.RELEASE.jar:5.2.5.RELEASE]
	at org.springframework.jdbc.datasource.DataSourceUtils.doGetConnection(DataSourceUtils.java:116) ~[spring-jdbc-5.2.5.RELEASE.jar:5.2.5.RELEASE]
	at org.springframework.jdbc.datasource.DataSourceUtils.getConnection(DataSourceUtils.java:79) ~[spring-jdbc-5.2.5.RELEASE.jar:5.2.5.RELEASE]
	at org.mybatis.spring.transaction.SpringManagedTransaction.openConnection(SpringManagedTransaction.java:80) ~[mybatis-spring-2.0.2.jar:2.0.2]
	at org.mybatis.spring.transaction.SpringManagedTransaction.getConnection(SpringManagedTransaction.java:67) ~[mybatis-spring-2.0.2.jar:2.0.2]
	at org.apache.ibatis.executor.BaseExecutor.getConnection(BaseExecutor.java:336) ~[mybatis-3.5.2.jar:3.5.2]
	at com.baomidou.mybatisplus.core.executor.MybatisSimpleExecutor.prepareStatement(MybatisSimpleExecutor.java:93) ~[mybatis-plus-core-3.2.0.jar:3.2.0]
	at com.baomidou.mybatisplus.core.executor.MybatisSimpleExecutor.doQuery(MybatisSimpleExecutor.java:66) ~[mybatis-plus-core-3.2.0.jar:3.2.0]
	at org.apache.ibatis.executor.BaseExecutor.queryFromDatabase(BaseExecutor.java:324) ~[mybatis-3.5.2.jar:3.5.2]
	at org.apache.ibatis.executor.BaseExecutor.query(BaseExecutor.java:156) ~[mybatis-3.5.2.jar:3.5.2]
	at org.apache.ibatis.executor.CachingExecutor.query(CachingExecutor.java:109) ~[mybatis-3.5.2.jar:3.5.2]
	at org.apache.ibatis.executor.CachingExecutor.query(CachingExecutor.java:83) ~[mybatis-3.5.2.jar:3.5.2]
	at org.apache.ibatis.session.defaults.DefaultSqlSession.selectList(DefaultSqlSession.java:147) ~[mybatis-3.5.2.jar:3.5.2]
	at org.apache.ibatis.session.defaults.DefaultSqlSession.selectList(DefaultSqlSession.java:140) ~[mybatis-3.5.2.jar:3.5.2]
	at sun.reflect.NativeMethodAccessorImpl.invoke0(Native Method) ~[?:1.8.0_191]
	at sun.reflect.NativeMethodAccessorImpl.invoke(NativeMethodAccessorImpl.java:62) ~[?:1.8.0_191]
	at sun.reflect.DelegatingMethodAccessorImpl.invoke(DelegatingMethodAccessorImpl.java:43) ~[?:1.8.0_191]
	at java.lang.reflect.Method.invoke(Method.java:498) ~[?:1.8.0_191]
	at org.mybatis.spring.SqlSessionTemplate$SqlSessionInterceptor.invoke(SqlSessionTemplate.java:426) ~[mybatis-spring-2.0.2.jar:2.0.2]
	at com.sun.proxy.$Proxy121.selectList(Unknown Source) ~[?:?]
	at org.mybatis.spring.SqlSessionTemplate.selectList(SqlSessionTemplate.java:223) ~[mybatis-spring-2.0.2.jar:2.0.2]
	at com.baomidou.mybatisplus.core.override.MybatisMapperMethod.executeForMany(MybatisMapperMethod.java:158) ~[mybatis-plus-core-3.2.0.jar:3.2.0]
	at com.baomidou.mybatisplus.core.override.MybatisMapperMethod.execute(MybatisMapperMethod.java:76) ~[mybatis-plus-core-3.2.0.jar:3.2.0]
	at com.baomidou.mybatisplus.core.override.MybatisMapperProxy.invoke(MybatisMapperProxy.java:61) ~[mybatis-plus-core-3.2.0.jar:3.2.0]
	at com.sun.proxy.$Proxy134.selectRoleRules(Unknown Source) ~[?:?]
	at com.data.itsv.shiro.provider.impl.ShiroFilterRulesProviderImpl.loadRolePermRules(ShiroFilterRulesProviderImpl.java:24) ~[classes/:?]
	at com.data.itsv.shiro.filter.ShiroFilterChainManager.initGetFilterChain(ShiroFilterChainManager.java:89) ~[classes/:?]
	at com.data.itsv.shiro.config.ShiroConfiguration.shiroFilterFactoryBean(ShiroConfiguration.java:29) ~[classes/:?]
	at com.data.itsv.shiro.config.ShiroConfiguration$$EnhancerBySpringCGLIB$$8f746259.CGLIB$shiroFilterFactoryBean$1(<generated>) ~[classes/:?]
	at com.data.itsv.shiro.config.ShiroConfiguration$$EnhancerBySpringCGLIB$$8f746259$$FastClassBySpringCGLIB$$73873379.invoke(<generated>) ~[classes/:?]
	at org.springframework.cglib.proxy.MethodProxy.invokeSuper(MethodProxy.java:244) ~[spring-core-5.2.5.RELEASE.jar:5.2.5.RELEASE]
	at org.springframework.context.annotation.ConfigurationClassEnhancer$BeanMethodInterceptor.intercept(ConfigurationClassEnhancer.java:331) ~[spring-context-5.2.5.RELEASE.jar:5.2.5.RELEASE]
	at com.data.itsv.shiro.config.ShiroConfiguration$$EnhancerBySpringCGLIB$$8f746259.shiroFilterFactoryBean(<generated>) ~[classes/:?]
	at sun.reflect.NativeMethodAccessorImpl.invoke0(Native Method) ~[?:1.8.0_191]
	at sun.reflect.NativeMethodAccessorImpl.invoke(NativeMethodAccessorImpl.java:62) ~[?:1.8.0_191]
	at sun.reflect.DelegatingMethodAccessorImpl.invoke(DelegatingMethodAccessorImpl.java:43) ~[?:1.8.0_191]
	at java.lang.reflect.Method.invoke(Method.java:498) ~[?:1.8.0_191]
	at org.springframework.beans.factory.support.SimpleInstantiationStrategy.instantiate(SimpleInstantiationStrategy.java:154) ~[spring-beans-5.2.5.RELEASE.jar:5.2.5.RELEASE]
	at org.springframework.beans.factory.support.ConstructorResolver.instantiate(ConstructorResolver.java:651) ~[spring-beans-5.2.5.RELEASE.jar:5.2.5.RELEASE]
	... 19 more
Caused by: java.net.ConnectException: Connection refused: connect
	at java.net.DualStackPlainSocketImpl.waitForConnect(Native Method) ~[?:1.8.0_191]
	at java.net.DualStackPlainSocketImpl.socketConnect(DualStackPlainSocketImpl.java:85) ~[?:1.8.0_191]
	at java.net.AbstractPlainSocketImpl.doConnect(AbstractPlainSocketImpl.java:350) ~[?:1.8.0_191]
	at java.net.AbstractPlainSocketImpl.connectToAddress(AbstractPlainSocketImpl.java:206) ~[?:1.8.0_191]
	at java.net.AbstractPlainSocketImpl.connect(AbstractPlainSocketImpl.java:188) ~[?:1.8.0_191]
	at java.net.PlainSocketImpl.connect(PlainSocketImpl.java:172) ~[?:1.8.0_191]
	at java.net.SocksSocketImpl.connect(SocksSocketImpl.java:392) ~[?:1.8.0_191]
	at java.net.Socket.connect(Socket.java:589) ~[?:1.8.0_191]
	at com.mysql.cj.protocol.StandardSocketFactory.connect(StandardSocketFactory.java:155) ~[mysql-connector-java-8.0.19.jar:8.0.19]
	at com.mysql.cj.protocol.a.NativeSocketConnection.connect(NativeSocketConnection.java:65) ~[mysql-connector-java-8.0.19.jar:8.0.19]
	at com.mysql.cj.NativeSession.connect(NativeSession.java:144) ~[mysql-connector-java-8.0.19.jar:8.0.19]
	at com.mysql.cj.jdbc.ConnectionImpl.connectOneTryOnly(ConnectionImpl.java:956) ~[mysql-connector-java-8.0.19.jar:8.0.19]
	at com.mysql.cj.jdbc.ConnectionImpl.createNewIO(ConnectionImpl.java:826) ~[mysql-connector-java-8.0.19.jar:8.0.19]
	at com.mysql.cj.jdbc.ConnectionImpl.<init>(ConnectionImpl.java:456) ~[mysql-connector-java-8.0.19.jar:8.0.19]
	at com.mysql.cj.jdbc.ConnectionImpl.getInstance(ConnectionImpl.java:246) ~[mysql-connector-java-8.0.19.jar:8.0.19]
	at com.mysql.cj.jdbc.NonRegisteringDriver.connect(NonRegisteringDriver.java:197) ~[mysql-connector-java-8.0.19.jar:8.0.19]
	at com.zaxxer.hikari.util.DriverDataSource.getConnection(DriverDataSource.java:138) ~[HikariCP-3.4.2.jar:?]
	at com.zaxxer.hikari.pool.PoolBase.newConnection(PoolBase.java:354) ~[HikariCP-3.4.2.jar:?]
	at com.zaxxer.hikari.pool.PoolBase.newPoolEntry(PoolBase.java:202) ~[HikariCP-3.4.2.jar:?]
	at com.zaxxer.hikari.pool.HikariPool.createPoolEntry(HikariPool.java:473) ~[HikariCP-3.4.2.jar:?]
	at com.zaxxer.hikari.pool.HikariPool.checkFailFast(HikariPool.java:554) ~[HikariCP-3.4.2.jar:?]
	at com.zaxxer.hikari.pool.HikariPool.<init>(HikariPool.java:115) ~[HikariCP-3.4.2.jar:?]
	at com.zaxxer.hikari.HikariDataSource.getConnection(HikariDataSource.java:112) ~[HikariCP-3.4.2.jar:?]
	at org.springframework.jdbc.datasource.DataSourceUtils.fetchConnection(DataSourceUtils.java:158) ~[spring-jdbc-5.2.5.RELEASE.jar:5.2.5.RELEASE]
	at org.springframework.jdbc.datasource.DataSourceUtils.doGetConnection(DataSourceUtils.java:116) ~[spring-jdbc-5.2.5.RELEASE.jar:5.2.5.RELEASE]
	at org.springframework.jdbc.datasource.DataSourceUtils.getConnection(DataSourceUtils.java:79) ~[spring-jdbc-5.2.5.RELEASE.jar:5.2.5.RELEASE]
	at org.mybatis.spring.transaction.SpringManagedTransaction.openConnection(SpringManagedTransaction.java:80) ~[mybatis-spring-2.0.2.jar:2.0.2]
	at org.mybatis.spring.transaction.SpringManagedTransaction.getConnection(SpringManagedTransaction.java:67) ~[mybatis-spring-2.0.2.jar:2.0.2]
	at org.apache.ibatis.executor.BaseExecutor.getConnection(BaseExecutor.java:336) ~[mybatis-3.5.2.jar:3.5.2]
	at com.baomidou.mybatisplus.core.executor.MybatisSimpleExecutor.prepareStatement(MybatisSimpleExecutor.java:93) ~[mybatis-plus-core-3.2.0.jar:3.2.0]
	at com.baomidou.mybatisplus.core.executor.MybatisSimpleExecutor.doQuery(MybatisSimpleExecutor.java:66) ~[mybatis-plus-core-3.2.0.jar:3.2.0]
	at org.apache.ibatis.executor.BaseExecutor.queryFromDatabase(BaseExecutor.java:324) ~[mybatis-3.5.2.jar:3.5.2]
	at org.apache.ibatis.executor.BaseExecutor.query(BaseExecutor.java:156) ~[mybatis-3.5.2.jar:3.5.2]
	at org.apache.ibatis.executor.CachingExecutor.query(CachingExecutor.java:109) ~[mybatis-3.5.2.jar:3.5.2]
	at org.apache.ibatis.executor.CachingExecutor.query(CachingExecutor.java:83) ~[mybatis-3.5.2.jar:3.5.2]
	at org.apache.ibatis.session.defaults.DefaultSqlSession.selectList(DefaultSqlSession.java:147) ~[mybatis-3.5.2.jar:3.5.2]
	at org.apache.ibatis.session.defaults.DefaultSqlSession.selectList(DefaultSqlSession.java:140) ~[mybatis-3.5.2.jar:3.5.2]
	at sun.reflect.NativeMethodAccessorImpl.invoke0(Native Method) ~[?:1.8.0_191]
	at sun.reflect.NativeMethodAccessorImpl.invoke(NativeMethodAccessorImpl.java:62) ~[?:1.8.0_191]
	at sun.reflect.DelegatingMethodAccessorImpl.invoke(DelegatingMethodAccessorImpl.java:43) ~[?:1.8.0_191]
	at java.lang.reflect.Method.invoke(Method.java:498) ~[?:1.8.0_191]
	at org.mybatis.spring.SqlSessionTemplate$SqlSessionInterceptor.invoke(SqlSessionTemplate.java:426) ~[mybatis-spring-2.0.2.jar:2.0.2]
	at com.sun.proxy.$Proxy121.selectList(Unknown Source) ~[?:?]
	at org.mybatis.spring.SqlSessionTemplate.selectList(SqlSessionTemplate.java:223) ~[mybatis-spring-2.0.2.jar:2.0.2]
	at com.baomidou.mybatisplus.core.override.MybatisMapperMethod.executeForMany(MybatisMapperMethod.java:158) ~[mybatis-plus-core-3.2.0.jar:3.2.0]
	at com.baomidou.mybatisplus.core.override.MybatisMapperMethod.execute(MybatisMapperMethod.java:76) ~[mybatis-plus-core-3.2.0.jar:3.2.0]
	at com.baomidou.mybatisplus.core.override.MybatisMapperProxy.invoke(MybatisMapperProxy.java:61) ~[mybatis-plus-core-3.2.0.jar:3.2.0]
	at com.sun.proxy.$Proxy134.selectRoleRules(Unknown Source) ~[?:?]
	at com.data.itsv.shiro.provider.impl.ShiroFilterRulesProviderImpl.loadRolePermRules(ShiroFilterRulesProviderImpl.java:24) ~[classes/:?]
	at com.data.itsv.shiro.filter.ShiroFilterChainManager.initGetFilterChain(ShiroFilterChainManager.java:89) ~[classes/:?]
	at com.data.itsv.shiro.config.ShiroConfiguration.shiroFilterFactoryBean(ShiroConfiguration.java:29) ~[classes/:?]
	at com.data.itsv.shiro.config.ShiroConfiguration$$EnhancerBySpringCGLIB$$8f746259.CGLIB$shiroFilterFactoryBean$1(<generated>) ~[classes/:?]
	at com.data.itsv.shiro.config.ShiroConfiguration$$EnhancerBySpringCGLIB$$8f746259$$FastClassBySpringCGLIB$$73873379.invoke(<generated>) ~[classes/:?]
	at org.springframework.cglib.proxy.MethodProxy.invokeSuper(MethodProxy.java:244) ~[spring-core-5.2.5.RELEASE.jar:5.2.5.RELEASE]
	at org.springframework.context.annotation.ConfigurationClassEnhancer$BeanMethodInterceptor.intercept(ConfigurationClassEnhancer.java:331) ~[spring-context-5.2.5.RELEASE.jar:5.2.5.RELEASE]
	at com.data.itsv.shiro.config.ShiroConfiguration$$EnhancerBySpringCGLIB$$8f746259.shiroFilterFactoryBean(<generated>) ~[classes/:?]
	at sun.reflect.NativeMethodAccessorImpl.invoke0(Native Method) ~[?:1.8.0_191]
	at sun.reflect.NativeMethodAccessorImpl.invoke(NativeMethodAccessorImpl.java:62) ~[?:1.8.0_191]
	at sun.reflect.DelegatingMethodAccessorImpl.invoke(DelegatingMethodAccessorImpl.java:43) ~[?:1.8.0_191]
	at java.lang.reflect.Method.invoke(Method.java:498) ~[?:1.8.0_191]
	at org.springframework.beans.factory.support.SimpleInstantiationStrategy.instantiate(SimpleInstantiationStrategy.java:154) ~[spring-beans-5.2.5.RELEASE.jar:5.2.5.RELEASE]
	at org.springframework.beans.factory.support.ConstructorResolver.instantiate(ConstructorResolver.java:651) ~[spring-beans-5.2.5.RELEASE.jar:5.2.5.RELEASE]
	... 19 more
2021-02-07 11:06:25.412 [Thread-16] ERROR [com.data.itsv.netty.server.nettyServerThread:32] - null
java.lang.NumberFormatException: null
	at java.lang.Integer.parseInt(Integer.java:542) ~[?:1.8.0_191]
	at java.lang.Integer.parseInt(Integer.java:615) ~[?:1.8.0_191]
	at com.data.itsv.netty.server.nettyServerThread.lambda$execuid$0(nettyServerThread.java:29) ~[classes/:?]
	at java.lang.Thread.run(Thread.java:748) [?:1.8.0_191]
